<?xml version="1.0"?>
<!DOCTYPE coverage SYSTEM "http://cobertura.sourceforge.net/xml/coverage-04.dtd">

<coverage line-rate="0.6033057851239669" branch-rate="0.6875" lines-covered="73" lines-valid="121" branches-covered="22" branches-valid="32" complexity="1.2840909090909092" version="2.0.3" timestamp="1507675697953">
	<sources>
		<source>C:/Users/Juan/Documents/GitHub/GameAndGain/src/main/java</source>
		<source>--source</source>
	</sources>
	<packages>
		<package name="com.github.openplay.client" line-rate="1.0" branch-rate="1.0" complexity="1.0">
			<classes>
				<class name="com.github.openplay.client.StudentClientInterface" filename="com/github/openplay/client/StudentClientInterface.java" line-rate="1.0" branch-rate="1.0" complexity="1.0">
					<methods>
					</methods>
					<lines>
					</lines>
				</class>
			</classes>
		</package>
		<package name="com.github.openplay.client.impl" line-rate="0.9615384615384616" branch-rate="0.8333333333333334" complexity="2.2">
			<classes>
				<class name="com.github.openplay.client.impl.StudentClient" filename="com/github/openplay/client/impl/StudentClient.java" line-rate="0.9615384615384616" branch-rate="0.8333333333333334" complexity="2.2">
					<methods>
						<method name="&lt;init&gt;" signature="(Ljavax/ws/rs/client/WebTarget;)V" line-rate="1.0" branch-rate="1.0">
							<lines>
								<line number="14" hits="23" branch="false"/>
								<line number="15" hits="23" branch="false"/>
								<line number="16" hits="23" branch="false"/>
							</lines>
						</method>
						<method name="getLogin" signature="()Ljavax/ws/rs/core/Response;" line-rate="1.0" branch-rate="1.0">
							<lines>
								<line number="47" hits="1" branch="false"/>
								<line number="49" hits="1" branch="false"/>
							</lines>
						</method>
						<method name="getSignup" signature="()Ljavax/ws/rs/core/Response;" line-rate="1.0" branch-rate="1.0">
							<lines>
								<line number="19" hits="1" branch="false"/>
								<line number="20" hits="1" branch="false"/>
							</lines>
						</method>
						<method name="postLogin" signature="(Ljava/lang/String;Ljava/lang/String;)Ljavax/ws/rs/core/Response;" line-rate="1.0" branch-rate="1.0">
							<lines>
								<line number="53" hits="10" branch="false"/>
								<line number="54" hits="5" branch="false"/>
								<line number="56" hits="8" branch="false"/>
								<line number="57" hits="5" branch="false"/>
								<line number="59" hits="3" branch="true" condition-coverage="100% (2/2)">
									<conditions>
										<condition number="0" type="jump" coverage="100%"/>
									</conditions>
								</line>
								<line number="60" hits="2" branch="false"/>
								<line number="63" hits="1" branch="false"/>
							</lines>
						</method>
						<method name="postSignup" signature="(Ljava/lang/String;Ljava/lang/String;Ljava/lang/String;Ljava/lang/String;Ljava/lang/String;Ljava/lang/String;)Ljavax/ws/rs/core/Response;" line-rate="0.9166666666666666" branch-rate="0.75">
							<lines>
								<line number="27" hits="14" branch="false"/>
								<line number="28" hits="7" branch="false"/>
								<line number="29" hits="7" branch="false"/>
								<line number="30" hits="7" branch="false"/>
								<line number="31" hits="11" branch="false"/>
								<line number="32" hits="7" branch="false"/>
								<line number="34" hits="8" branch="true" condition-coverage="50% (1/2)">
									<conditions>
										<condition number="0" type="jump" coverage="50%"/>
									</conditions>
								</line>
								<line number="35" hits="4" branch="false"/>
								<line number="36" hits="0" branch="false"/>
								<line number="39" hits="4" branch="true" condition-coverage="100% (2/2)">
									<conditions>
										<condition number="0" type="jump" coverage="100%"/>
									</conditions>
								</line>
								<line number="40" hits="3" branch="false"/>
								<line number="43" hits="1" branch="false"/>
							</lines>
						</method>
					</methods>
					<lines>
						<line number="14" hits="23" branch="false"/>
						<line number="15" hits="23" branch="false"/>
						<line number="16" hits="23" branch="false"/>
						<line number="19" hits="1" branch="false"/>
						<line number="20" hits="1" branch="false"/>
						<line number="27" hits="14" branch="false"/>
						<line number="28" hits="7" branch="false"/>
						<line number="29" hits="7" branch="false"/>
						<line number="30" hits="7" branch="false"/>
						<line number="31" hits="11" branch="false"/>
						<line number="32" hits="7" branch="false"/>
						<line number="34" hits="8" branch="true" condition-coverage="50% (1/2)">
							<conditions>
								<condition number="0" type="jump" coverage="50%"/>
							</conditions>
						</line>
						<line number="35" hits="4" branch="false"/>
						<line number="36" hits="0" branch="false"/>
						<line number="39" hits="4" branch="true" condition-coverage="100% (2/2)">
							<conditions>
								<condition number="0" type="jump" coverage="100%"/>
							</conditions>
						</line>
						<line number="40" hits="3" branch="false"/>
						<line number="43" hits="1" branch="false"/>
						<line number="47" hits="1" branch="false"/>
						<line number="49" hits="1" branch="false"/>
						<line number="53" hits="10" branch="false"/>
						<line number="54" hits="5" branch="false"/>
						<line number="56" hits="8" branch="false"/>
						<line number="57" hits="5" branch="false"/>
						<line number="59" hits="3" branch="true" condition-coverage="100% (2/2)">
							<conditions>
								<condition number="0" type="jump" coverage="100%"/>
							</conditions>
						</line>
						<line number="60" hits="2" branch="false"/>
						<line number="63" hits="1" branch="false"/>
					</lines>
				</class>
			</classes>
		</package>
		<package name="com.github.openplay.model" line-rate="1.0" branch-rate="1.0" complexity="1.0">
			<classes>
				<class name="com.github.openplay.model.PlayerInterface" filename="com/github/openplay/model/PlayerInterface.java" line-rate="1.0" branch-rate="1.0" complexity="1.0">
					<methods>
					</methods>
					<lines>
					</lines>
				</class>
				<class name="com.github.openplay.model.StudentInterface" filename="com/github/openplay/model/StudentInterface.java" line-rate="1.0" branch-rate="1.0" complexity="1.0">
					<methods>
					</methods>
					<lines>
					</lines>
				</class>
			</classes>
		</package>
		<package name="com.github.openplay.model.dto" line-rate="0.0" branch-rate="1.0" complexity="1.0">
			<classes>
				<class name="com.github.openplay.model.dto.StudentLogin" filename="com/github/openplay/model/dto/StudentLogin.java" line-rate="0.0" branch-rate="1.0" complexity="1.0">
					<methods>
						<method name="&lt;init&gt;" signature="()V" line-rate="0.0" branch-rate="1.0">
							<lines>
								<line number="9" hits="0" branch="false"/>
							</lines>
						</method>
						<method name="getPassword" signature="()Ljava/lang/String;" line-rate="0.0" branch-rate="1.0">
							<lines>
								<line number="20" hits="0" branch="false"/>
							</lines>
						</method>
						<method name="getUserName" signature="()Ljava/lang/String;" line-rate="0.0" branch-rate="1.0">
							<lines>
								<line number="24" hits="0" branch="false"/>
							</lines>
						</method>
						<method name="setPassword" signature="(Ljava/lang/String;)V" line-rate="0.0" branch-rate="1.0">
							<lines>
								<line number="28" hits="0" branch="false"/>
								<line number="29" hits="0" branch="false"/>
							</lines>
						</method>
						<method name="setUserName" signature="(Ljava/lang/String;)V" line-rate="0.0" branch-rate="1.0">
							<lines>
								<line number="32" hits="0" branch="false"/>
								<line number="33" hits="0" branch="false"/>
							</lines>
						</method>
					</methods>
					<lines>
						<line number="9" hits="0" branch="false"/>
						<line number="20" hits="0" branch="false"/>
						<line number="24" hits="0" branch="false"/>
						<line number="28" hits="0" branch="false"/>
						<line number="29" hits="0" branch="false"/>
						<line number="32" hits="0" branch="false"/>
						<line number="33" hits="0" branch="false"/>
					</lines>
				</class>
			</classes>
		</package>
		<package name="com.github.openplay.model.impl" line-rate="0.29545454545454547" branch-rate="1.0" complexity="1.0">
			<classes>
				<class name="com.github.openplay.model.impl.Player" filename="com/github/openplay/model/impl/Player.java" line-rate="0.0" branch-rate="1.0" complexity="1.0">
					<methods>
						<method name="&lt;init&gt;" signature="()V" line-rate="0.0" branch-rate="1.0">
							<lines>
								<line number="25" hits="0" branch="false"/>
							</lines>
						</method>
						<method name="getDateOfBirth" signature="()Ljava/util/Date;" line-rate="0.0" branch-rate="1.0">
							<lines>
								<line number="103" hits="0" branch="false"/>
							</lines>
						</method>
						<method name="getEmailAddress" signature="()Ljava/lang/String;" line-rate="0.0" branch-rate="1.0">
							<lines>
								<line number="95" hits="0" branch="false"/>
							</lines>
						</method>
						<method name="getFirstName" signature="()Ljava/lang/String;" line-rate="0.0" branch-rate="1.0">
							<lines>
								<line number="71" hits="0" branch="false"/>
							</lines>
						</method>
						<method name="getId" signature="()Ljava/lang/Long;" line-rate="0.0" branch-rate="1.0">
							<lines>
								<line number="55" hits="0" branch="false"/>
							</lines>
						</method>
						<method name="getLastName" signature="()Ljava/lang/String;" line-rate="0.0" branch-rate="1.0">
							<lines>
								<line number="79" hits="0" branch="false"/>
							</lines>
						</method>
						<method name="getPassword" signature="()Ljava/lang/String;" line-rate="0.0" branch-rate="1.0">
							<lines>
								<line number="87" hits="0" branch="false"/>
							</lines>
						</method>
						<method name="getUserName" signature="()Ljava/lang/String;" line-rate="0.0" branch-rate="1.0">
							<lines>
								<line number="63" hits="0" branch="false"/>
							</lines>
						</method>
						<method name="setDateOfBirth" signature="(Ljava/util/Date;)V" line-rate="0.0" branch-rate="1.0">
							<lines>
								<line number="107" hits="0" branch="false"/>
								<line number="108" hits="0" branch="false"/>
							</lines>
						</method>
						<method name="setEmailAddress" signature="(Ljava/lang/String;)V" line-rate="0.0" branch-rate="1.0">
							<lines>
								<line number="99" hits="0" branch="false"/>
								<line number="100" hits="0" branch="false"/>
							</lines>
						</method>
						<method name="setFirstName" signature="(Ljava/lang/String;)V" line-rate="0.0" branch-rate="1.0">
							<lines>
								<line number="75" hits="0" branch="false"/>
								<line number="76" hits="0" branch="false"/>
							</lines>
						</method>
						<method name="setId" signature="(Ljava/lang/Long;)V" line-rate="0.0" branch-rate="1.0">
							<lines>
								<line number="59" hits="0" branch="false"/>
								<line number="60" hits="0" branch="false"/>
							</lines>
						</method>
						<method name="setLastName" signature="(Ljava/lang/String;)V" line-rate="0.0" branch-rate="1.0">
							<lines>
								<line number="83" hits="0" branch="false"/>
								<line number="84" hits="0" branch="false"/>
							</lines>
						</method>
						<method name="setPassword" signature="(Ljava/lang/String;)V" line-rate="0.0" branch-rate="1.0">
							<lines>
								<line number="91" hits="0" branch="false"/>
								<line number="92" hits="0" branch="false"/>
							</lines>
						</method>
						<method name="setUserName" signature="(Ljava/lang/String;)V" line-rate="0.0" branch-rate="1.0">
							<lines>
								<line number="67" hits="0" branch="false"/>
								<line number="68" hits="0" branch="false"/>
							</lines>
						</method>
					</methods>
					<lines>
						<line number="25" hits="0" branch="false"/>
						<line number="55" hits="0" branch="false"/>
						<line number="59" hits="0" branch="false"/>
						<line number="60" hits="0" branch="false"/>
						<line number="63" hits="0" branch="false"/>
						<line number="67" hits="0" branch="false"/>
						<line number="68" hits="0" branch="false"/>
						<line number="71" hits="0" branch="false"/>
						<line number="75" hits="0" branch="false"/>
						<line number="76" hits="0" branch="false"/>
						<line number="79" hits="0" branch="false"/>
						<line number="83" hits="0" branch="false"/>
						<line number="84" hits="0" branch="false"/>
						<line number="87" hits="0" branch="false"/>
						<line number="91" hits="0" branch="false"/>
						<line number="92" hits="0" branch="false"/>
						<line number="95" hits="0" branch="false"/>
						<line number="99" hits="0" branch="false"/>
						<line number="100" hits="0" branch="false"/>
						<line number="103" hits="0" branch="false"/>
						<line number="107" hits="0" branch="false"/>
						<line number="108" hits="0" branch="false"/>
					</lines>
				</class>
				<class name="com.github.openplay.model.impl.Student" filename="com/github/openplay/model/impl/Student.java" line-rate="0.5909090909090909" branch-rate="1.0" complexity="1.0">
					<methods>
						<method name="&lt;init&gt;" signature="()V" line-rate="1.0" branch-rate="1.0">
							<lines>
								<line number="25" hits="2" branch="false"/>
							</lines>
						</method>
						<method name="getDateOfBirth" signature="()Ljava/util/Date;" line-rate="0.0" branch-rate="1.0">
							<lines>
								<line number="103" hits="0" branch="false"/>
							</lines>
						</method>
						<method name="getEmailAddress" signature="()Ljava/lang/String;" line-rate="0.0" branch-rate="1.0">
							<lines>
								<line number="95" hits="0" branch="false"/>
							</lines>
						</method>
						<method name="getFirstName" signature="()Ljava/lang/String;" line-rate="0.0" branch-rate="1.0">
							<lines>
								<line number="71" hits="0" branch="false"/>
							</lines>
						</method>
						<method name="getId" signature="()Ljava/lang/Long;" line-rate="0.0" branch-rate="1.0">
							<lines>
								<line number="55" hits="0" branch="false"/>
							</lines>
						</method>
						<method name="getLastName" signature="()Ljava/lang/String;" line-rate="0.0" branch-rate="1.0">
							<lines>
								<line number="79" hits="0" branch="false"/>
							</lines>
						</method>
						<method name="getPassword" signature="()Ljava/lang/String;" line-rate="0.0" branch-rate="1.0">
							<lines>
								<line number="87" hits="0" branch="false"/>
							</lines>
						</method>
						<method name="getUserName" signature="()Ljava/lang/String;" line-rate="0.0" branch-rate="1.0">
							<lines>
								<line number="63" hits="0" branch="false"/>
							</lines>
						</method>
						<method name="setDateOfBirth" signature="(Ljava/util/Date;)V" line-rate="1.0" branch-rate="1.0">
							<lines>
								<line number="107" hits="2" branch="false"/>
								<line number="108" hits="2" branch="false"/>
							</lines>
						</method>
						<method name="setEmailAddress" signature="(Ljava/lang/String;)V" line-rate="1.0" branch-rate="1.0">
							<lines>
								<line number="99" hits="2" branch="false"/>
								<line number="100" hits="2" branch="false"/>
							</lines>
						</method>
						<method name="setFirstName" signature="(Ljava/lang/String;)V" line-rate="1.0" branch-rate="1.0">
							<lines>
								<line number="75" hits="2" branch="false"/>
								<line number="76" hits="2" branch="false"/>
							</lines>
						</method>
						<method name="setId" signature="(Ljava/lang/Long;)V" line-rate="0.0" branch-rate="1.0">
							<lines>
								<line number="59" hits="0" branch="false"/>
								<line number="60" hits="0" branch="false"/>
							</lines>
						</method>
						<method name="setLastName" signature="(Ljava/lang/String;)V" line-rate="1.0" branch-rate="1.0">
							<lines>
								<line number="83" hits="2" branch="false"/>
								<line number="84" hits="2" branch="false"/>
							</lines>
						</method>
						<method name="setPassword" signature="(Ljava/lang/String;)V" line-rate="1.0" branch-rate="1.0">
							<lines>
								<line number="91" hits="2" branch="false"/>
								<line number="92" hits="2" branch="false"/>
							</lines>
						</method>
						<method name="setUserName" signature="(Ljava/lang/String;)V" line-rate="1.0" branch-rate="1.0">
							<lines>
								<line number="67" hits="2" branch="false"/>
								<line number="68" hits="2" branch="false"/>
							</lines>
						</method>
					</methods>
					<lines>
						<line number="25" hits="2" branch="false"/>
						<line number="55" hits="0" branch="false"/>
						<line number="59" hits="0" branch="false"/>
						<line number="60" hits="0" branch="false"/>
						<line number="63" hits="0" branch="false"/>
						<line number="67" hits="2" branch="false"/>
						<line number="68" hits="2" branch="false"/>
						<line number="71" hits="0" branch="false"/>
						<line number="75" hits="2" branch="false"/>
						<line number="76" hits="2" branch="false"/>
						<line number="79" hits="0" branch="false"/>
						<line number="83" hits="2" branch="false"/>
						<line number="84" hits="2" branch="false"/>
						<line number="87" hits="0" branch="false"/>
						<line number="91" hits="2" branch="false"/>
						<line number="92" hits="2" branch="false"/>
						<line number="95" hits="0" branch="false"/>
						<line number="99" hits="2" branch="false"/>
						<line number="100" hits="2" branch="false"/>
						<line number="103" hits="0" branch="false"/>
						<line number="107" hits="2" branch="false"/>
						<line number="108" hits="2" branch="false"/>
					</lines>
				</class>
			</classes>
		</package>
		<package name="com.github.openplay.repository" line-rate="1.0" branch-rate="1.0" complexity="1.0">
			<classes>
				<class name="com.github.openplay.repository.PlayerRepository" filename="com/github/openplay/repository/PlayerRepository.java" line-rate="1.0" branch-rate="1.0" complexity="1.0">
					<methods>
					</methods>
					<lines>
					</lines>
				</class>
				<class name="com.github.openplay.repository.StudentRepository" filename="com/github/openplay/repository/StudentRepository.java" line-rate="1.0" branch-rate="1.0" complexity="1.0">
					<methods>
					</methods>
					<lines>
					</lines>
				</class>
			</classes>
		</package>
		<package name="com.github.openplay.resource" line-rate="1.0" branch-rate="1.0" complexity="1.0">
			<classes>
				<class name="com.github.openplay.resource.AdminResourceInterface" filename="com/github/openplay/resource/AdminResourceInterface.java" line-rate="1.0" branch-rate="1.0" complexity="1.0">
					<methods>
					</methods>
					<lines>
					</lines>
				</class>
				<class name="com.github.openplay.resource.CommonResourceInterface" filename="com/github/openplay/resource/CommonResourceInterface.java" line-rate="1.0" branch-rate="1.0" complexity="1.0">
					<methods>
					</methods>
					<lines>
					</lines>
				</class>
			</classes>
		</package>
		<package name="com.github.openplay.resource.impl" line-rate="0.7647058823529411" branch-rate="0.6" complexity="3.3333333333333335">
			<classes>
				<class name="com.github.openplay.resource.impl.AdminResource" filename="com/github/openplay/resource/impl/AdminResource.java" line-rate="0.8666666666666667" branch-rate="0.6" complexity="4.5">
					<methods>
						<method name="&lt;init&gt;" signature="()V" line-rate="1.0" branch-rate="1.0">
							<lines>
								<line number="30" hits="5" branch="false"/>
							</lines>
						</method>
						<method name="login" signature="()Ljavax/ws/rs/core/Response;" line-rate="0.0" branch-rate="1.0">
							<lines>
								<line number="90" hits="0" branch="false"/>
							</lines>
						</method>
						<method name="login" signature="(Ljava/lang/String;Ljava/lang/String;)Ljavax/ws/rs/core/Response;" line-rate="0.8571428571428571" branch-rate="0.6666666666666666">
							<lines>
								<line number="100" hits="2" branch="true" condition-coverage="50% (2/4)">
									<conditions>
										<condition number="0" type="jump" coverage="50%"/>
										<condition number="1" type="jump" coverage="50%"/>
									</conditions>
								</line>
								<line number="101" hits="0" branch="false"/>
								<line number="104" hits="2" branch="false"/>
								<line number="105" hits="2" branch="true" condition-coverage="100% (2/2)">
									<conditions>
										<condition number="0" type="jump" coverage="100%"/>
									</conditions>
								</line>
								<line number="106" hits="1" branch="false"/>
								<line number="108" hits="2" branch="false"/>
								<line number="109" hits="1" branch="false"/>
							</lines>
						</method>
						<method name="signup" signature="()Ljavax/ws/rs/core/Response;" line-rate="0.0" branch-rate="1.0">
							<lines>
								<line number="39" hits="0" branch="false"/>
							</lines>
						</method>
						<method name="signup" signature="(Ljava/lang/String;Ljava/lang/String;Ljava/lang/String;Ljava/lang/String;Ljava/lang/String;Ljava/lang/String;)Ljavax/ws/rs/core/Response;" line-rate="0.95" branch-rate="0.5714285714285714">
							<lines>
								<line number="57" hits="2" branch="true" condition-coverage="50% (3/6)">
									<conditions>
										<condition number="0" type="jump" coverage="50%"/>
										<condition number="1" type="jump" coverage="50%"/>
										<condition number="2" type="jump" coverage="50%"/>
									</conditions>
								</line>
								<line number="58" hits="2" branch="true" condition-coverage="50% (2/4)">
									<conditions>
										<condition number="0" type="jump" coverage="50%"/>
										<condition number="1" type="jump" coverage="50%"/>
									</conditions>
								</line>
								<line number="59" hits="2" branch="true" condition-coverage="50% (1/2)">
									<conditions>
										<condition number="0" type="jump" coverage="50%"/>
									</conditions>
								</line>
								<line number="60" hits="0" branch="false"/>
								<line number="63" hits="2" branch="false"/>
								<line number="64" hits="2" branch="false"/>
								<line number="65" hits="2" branch="false"/>
								<line number="66" hits="2" branch="false"/>
								<line number="67" hits="2" branch="false"/>
								<line number="69" hits="4" branch="false"/>
								<line number="70" hits="2" branch="false"/>
								<line number="72" hits="2" branch="false"/>
								<line number="74" hits="2" branch="true" condition-coverage="100% (2/2)">
									<conditions>
										<condition number="0" type="jump" coverage="100%"/>
									</conditions>
								</line>
								<line number="75" hits="1" branch="false"/>
								<line number="76" hits="1" branch="false"/>
								<line number="77" hits="1" branch="false"/>
								<line number="78" hits="2" branch="false"/>
								<line number="79" hits="1" branch="false"/>
								<line number="81" hits="1" branch="false"/>
								<line number="82" hits="1" branch="false"/>
							</lines>
						</method>
					</methods>
					<lines>
						<line number="30" hits="5" branch="false"/>
						<line number="39" hits="0" branch="false"/>
						<line number="57" hits="2" branch="true" condition-coverage="50% (3/6)">
							<conditions>
								<condition number="0" type="jump" coverage="50%"/>
								<condition number="1" type="jump" coverage="50%"/>
								<condition number="2" type="jump" coverage="50%"/>
							</conditions>
						</line>
						<line number="58" hits="2" branch="true" condition-coverage="50% (2/4)">
							<conditions>
								<condition number="0" type="jump" coverage="50%"/>
								<condition number="1" type="jump" coverage="50%"/>
							</conditions>
						</line>
						<line number="59" hits="2" branch="true" condition-coverage="50% (1/2)">
							<conditions>
								<condition number="0" type="jump" coverage="50%"/>
							</conditions>
						</line>
						<line number="60" hits="0" branch="false"/>
						<line number="63" hits="2" branch="false"/>
						<line number="64" hits="2" branch="false"/>
						<line number="65" hits="2" branch="false"/>
						<line number="66" hits="2" branch="false"/>
						<line number="67" hits="2" branch="false"/>
						<line number="69" hits="4" branch="false"/>
						<line number="70" hits="2" branch="false"/>
						<line number="72" hits="2" branch="false"/>
						<line number="74" hits="2" branch="true" condition-coverage="100% (2/2)">
							<conditions>
								<condition number="0" type="jump" coverage="100%"/>
							</conditions>
						</line>
						<line number="75" hits="1" branch="false"/>
						<line number="76" hits="1" branch="false"/>
						<line number="77" hits="1" branch="false"/>
						<line number="78" hits="2" branch="false"/>
						<line number="79" hits="1" branch="false"/>
						<line number="81" hits="1" branch="false"/>
						<line number="82" hits="1" branch="false"/>
						<line number="90" hits="0" branch="false"/>
						<line number="100" hits="2" branch="true" condition-coverage="50% (2/4)">
							<conditions>
								<condition number="0" type="jump" coverage="50%"/>
								<condition number="1" type="jump" coverage="50%"/>
							</conditions>
						</line>
						<line number="101" hits="0" branch="false"/>
						<line number="104" hits="2" branch="false"/>
						<line number="105" hits="2" branch="true" condition-coverage="100% (2/2)">
							<conditions>
								<condition number="0" type="jump" coverage="100%"/>
							</conditions>
						</line>
						<line number="106" hits="1" branch="false"/>
						<line number="108" hits="2" branch="false"/>
						<line number="109" hits="1" branch="false"/>
					</lines>
				</class>
				<class name="com.github.openplay.resource.impl.CommonResource" filename="com/github/openplay/resource/impl/CommonResource.java" line-rate="0.0" branch-rate="1.0" complexity="1.0">
					<methods>
						<method name="&lt;init&gt;" signature="()V" line-rate="0.0" branch-rate="1.0">
							<lines>
								<line number="18" hits="0" branch="false"/>
							</lines>
						</method>
						<method name="getGeneralRanking" signature="(Ljava/lang/String;)Ljavax/ws/rs/core/Response;" line-rate="0.0" branch-rate="1.0">
							<lines>
								<line number="25" hits="0" branch="false"/>
							</lines>
						</method>
					</methods>
					<lines>
						<line number="18" hits="0" branch="false"/>
						<line number="25" hits="0" branch="false"/>
					</lines>
				</class>
				<class name="com.github.openplay.resource.impl.MyResource" filename="com/github/openplay/resource/impl/MyResource.java" line-rate="0.0" branch-rate="1.0" complexity="1.0">
					<methods>
						<method name="&lt;init&gt;" signature="()V" line-rate="0.0" branch-rate="1.0">
							<lines>
								<line number="12" hits="0" branch="false"/>
							</lines>
						</method>
						<method name="getIt" signature="()Ljava/lang/String;" line-rate="0.0" branch-rate="1.0">
							<lines>
								<line number="23" hits="0" branch="false"/>
							</lines>
						</method>
					</methods>
					<lines>
						<line number="12" hits="0" branch="false"/>
						<line number="23" hits="0" branch="false"/>
					</lines>
				</class>
			</classes>
		</package>
		<package name="com.github.openplay.service" line-rate="1.0" branch-rate="1.0" complexity="1.0">
			<classes>
				<class name="com.github.openplay.service.AdminService" filename="com/github/openplay/service/AdminService.java" line-rate="1.0" branch-rate="1.0" complexity="0.0">
					<methods>
					</methods>
					<lines>
					</lines>
				</class>
				<class name="com.github.openplay.service.BeneficiaryService" filename="com/github/openplay/service/BeneficiaryService.java" line-rate="1.0" branch-rate="1.0" complexity="0.0">
					<methods>
					</methods>
					<lines>
					</lines>
				</class>
				<class name="com.github.openplay.service.ContributorService" filename="com/github/openplay/service/ContributorService.java" line-rate="1.0" branch-rate="1.0" complexity="0.0">
					<methods>
					</methods>
					<lines>
					</lines>
				</class>
				<class name="com.github.openplay.service.OwnerService" filename="com/github/openplay/service/OwnerService.java" line-rate="1.0" branch-rate="1.0" complexity="0.0">
					<methods>
					</methods>
					<lines>
					</lines>
				</class>
				<class name="com.github.openplay.service.PlayerService" filename="com/github/openplay/service/PlayerService.java" line-rate="1.0" branch-rate="1.0" complexity="0.0">
					<methods>
					</methods>
					<lines>
					</lines>
				</class>
				<class name="com.github.openplay.service.StudentService" filename="com/github/openplay/service/StudentService.java" line-rate="1.0" branch-rate="1.0" complexity="1.0">
					<methods>
					</methods>
					<lines>
					</lines>
				</class>
			</classes>
		</package>
		<package name="com.github.openplay.service.impl" line-rate="0.9" branch-rate="0.8333333333333334" complexity="2.6666666666666665">
			<classes>
				<class name="com.github.openplay.service.impl.StudentServiceImpl" filename="com/github/openplay/service/impl/StudentServiceImpl.java" line-rate="0.9" branch-rate="0.8333333333333334" complexity="2.6666666666666665">
					<methods>
						<method name="&lt;init&gt;" signature="()V" line-rate="1.0" branch-rate="1.0">
							<lines>
								<line number="13" hits="5" branch="false"/>
							</lines>
						</method>
						<method name="findByLogin" signature="(Ljava/lang/String;Ljava/lang/String;)Z" line-rate="1.0" branch-rate="0.75">
							<lines>
								<line number="24" hits="4" branch="false"/>
								<line number="26" hits="4" branch="true" condition-coverage="75% (3/4)">
									<conditions>
										<condition number="0" type="jump" coverage="100%"/>
										<condition number="1" type="jump" coverage="50%"/>
									</conditions>
								</line>
								<line number="27" hits="2" branch="false"/>
								<line number="30" hits="2" branch="false"/>
							</lines>
						</method>
						<method name="findByUserName" signature="(Ljava/lang/String;)Z" line-rate="1.0" branch-rate="1.0">
							<lines>
								<line number="34" hits="3" branch="false"/>
								<line number="36" hits="3" branch="true" condition-coverage="100% (2/2)">
									<conditions>
										<condition number="0" type="jump" coverage="100%"/>
									</conditions>
								</line>
								<line number="37" hits="1" branch="false"/>
								<line number="40" hits="2" branch="false"/>
							</lines>
						</method>
						<method name="save" signature="(Lcom/github/openplay/model/StudentInterface;)Lcom/github/openplay/model/StudentInterface;" line-rate="0.0" branch-rate="1.0">
							<lines>
								<line number="20" hits="0" branch="false"/>
							</lines>
						</method>
					</methods>
					<lines>
						<line number="13" hits="5" branch="false"/>
						<line number="20" hits="0" branch="false"/>
						<line number="24" hits="4" branch="false"/>
						<line number="26" hits="4" branch="true" condition-coverage="75% (3/4)">
							<conditions>
								<condition number="0" type="jump" coverage="100%"/>
								<condition number="1" type="jump" coverage="50%"/>
							</conditions>
						</line>
						<line number="27" hits="2" branch="false"/>
						<line number="30" hits="2" branch="false"/>
						<line number="34" hits="3" branch="false"/>
						<line number="36" hits="3" branch="true" condition-coverage="100% (2/2)">
							<conditions>
								<condition number="0" type="jump" coverage="100%"/>
							</conditions>
						</line>
						<line number="37" hits="1" branch="false"/>
						<line number="40" hits="2" branch="false"/>
					</lines>
				</class>
			</classes>
		</package>
	</packages>
</coverage>
